CRITICAL - 2023-12-09 07:24:27 --> Class "Locale" not found
in SYSTEMPATH\CodeIgniter.php on line 218.
 1 ROOTPATH\spark(88): CodeIgniter\CodeIgniter->initialize()
CRITICAL - 2023-12-09 07:24:27 --> Uncaught Error: Class "Locale" not found in E:\KULIAH\SEMESTER 5\PEMROGRAMAN BERBASIS KERANGKA KERJA\Tugas 6-HelloWorld-CI\vendor\codeigniter4\framework\system\I18n\TimeTrait.php:74
Stack trace:
#0 E:\KULIAH\SEMESTER 5\PEMROGRAMAN BERBASIS KERANGKA KERJA\Tugas 6-HelloWorld-CI\vendor\codeigniter4\framework\system\I18n\TimeTrait.php(115): CodeIgniter\I18n\Time->__construct(NULL, NULL, NULL)
#1 E:\KULIAH\SEMESTER 5\PEMROGRAMAN BERBASIS KERANGKA KERJA\Tugas 6-HelloWorld-CI\vendor\codeigniter4\framework\system\HTTP\ResponseTrait.php(468): CodeIgniter\I18n\Time::now()
#2 E:\KULIAH\SEMESTER 5\PEMROGRAMAN BERBASIS KERANGKA KERJA\Tugas 6-HelloWorld-CI\vendor\codeigniter4\framework\system\HTTP\ResponseTrait.php(446): CodeIgniter\HTTP\Response->sendHeaders()
#3 E:\KULIAH\SEMESTER 5\PEMROGRAMAN BERBASIS KERANGKA KERJA\Tugas 6-HelloWorld-CI\vendor\codeigniter4\framework\system\Debug\ExceptionHandler.php(81): CodeIgniter\HTTP\Response->send()
#4 E:\KULIAH\SEMESTER 5\PEMROGRAMAN BERBASIS KERANGKA KERJA\Tugas 6-HelloWorld-CI\vendor\codeigniter4\framework\system\Debug\Exceptions.php(149): CodeIgniter\Debug\ExceptionHandler->handle(Object(Error), Object(CodeIgniter\HTTP\IncomingRequest), Object(CodeIgniter\HTTP\Response), 500, 1)
#5 [internal function]: CodeIgniter\Debug\Exceptions->exceptionHandler(Object(Error))
#6 {main}
  thrown
【Previous Exception】
Error
Class "Locale" not found
#0 E:\KULIAH\SEMESTER 5\PEMROGRAMAN BERBASIS KERANGKA KERJA\Tugas 6-HelloWorld-CI\spark(88): CodeIgniter\CodeIgniter->initialize()
#1 {main}
in SYSTEMPATH\I18n\TimeTrait.php on line 74.
 1 [internal function]: CodeIgniter\Debug\Exceptions->shutdownHandler()
